Checking whether the ASM compiler is GNU using "--version" did not match "(GNU assembler)|(GCC)|(Free Software Foundation)":
Android (12285214, +pgo, -bolt, +lto, -mlgo, based on r522817b) clang version 18.0.2 (https://android.googlesource.com/toolchain/llvm-project d8003a456d14a3deb8054cdaa529ffbf02d9b262)
Target: x86_64-apple-darwin25.3.0
Thread model: posix
InstalledDir: /Users/jayeshshete/Library/Android/sdk/ndk/27.0.12077973/toolchains/llvm/prebuilt/darwin-x86_64/bin
Performing C SOURCE FILE Test CMAKE_HAVE_LIBC_PTHREAD failed with the following output:
Change Dir: /Users/jayeshshete/Documents/build/mobile/app/.cxx/Release/1g2b6sm3/arm64-v8a/CMakeFiles/CMakeTmp

Run Build Command(s):/Users/jayeshshete/Library/Android/sdk/cmake/3.22.1/bin/ninja cmTC_28d3f && [1/2] Building C object CMakeFiles/cmTC_28d3f.dir/src.c.o
FAILED: CMakeFiles/cmTC_28d3f.dir/src.c.o 
/Users/jayeshshete/Library/Android/sdk/ndk/27.0.12077973/toolchains/llvm/prebuilt/darwin-x86_64/bin/clang --target=aarch64-none-linux-android27 --sysroot=/Users/jayeshshete/Library/Android/sdk/ndk/27.0.12077973/toolchains/llvm/prebuilt/darwin-x86_64/sysroot -DCMAKE_HAVE_LIBC_PTHREAD  -g -DANDROID -fdata-sections -ffunction-sections -funwind-tables -fstack-protector-strong -no-canonical-prefixes -D_FORTIFY_SOURCE=2 -Wformat -Werror=format-security   -fPIE -std=gnu11 -MD -MT CMakeFiles/cmTC_28d3f.dir/src.c.o -MF CMakeFiles/cmTC_28d3f.dir/src.c.o.d -o CMakeFiles/cmTC_28d3f.dir/src.c.o -c /Users/jayeshshete/Documents/build/mobile/app/.cxx/Release/1g2b6sm3/arm64-v8a/CMakeFiles/CMakeTmp/src.c
/Users/jayeshshete/Documents/build/mobile/app/.cxx/Release/1g2b6sm3/arm64-v8a/CMakeFiles/CMakeTmp/src.c:13:3: error: call to undeclared function 'pthread_cancel'; ISO C99 and later do not support implicit function declarations [-Wimplicit-function-declaration]
   13 |   pthread_cancel(thread);
      |   ^
/Users/jayeshshete/Documents/build/mobile/app/.cxx/Release/1g2b6sm3/arm64-v8a/CMakeFiles/CMakeTmp/src.c:13:3: note: did you mean 'pthread_once'?
/Users/jayeshshete/Library/Android/sdk/ndk/27.0.12077973/toolchains/llvm/prebuilt/darwin-x86_64/sysroot/usr/include/pthread.h:264:5: note: 'pthread_once' declared here
  264 | int pthread_once(pthread_once_t* _Nonnull __once, void (* _Nonnull __init_routine)(void));
      |     ^
1 error generated.
ninja: build stopped: subcommand failed.


Source file was:
#include <pthread.h>

static void* test_func(void* data)
{
  return data;
}

int main(void)
{
  pthread_t thread;
  pthread_create(&thread, NULL, test_func, NULL);
  pthread_detach(thread);
  pthread_cancel(thread);
  pthread_join(thread, NULL);
  pthread_atfork(NULL, NULL, NULL);
  pthread_exit(NULL);

  return 0;
}

Performing C++ SOURCE FILE Test GGML_COMPILER_SUPPORTS_FP16_FORMAT_I3E failed with the following output:
Change Dir: /Users/jayeshshete/Documents/build/mobile/app/.cxx/Release/1g2b6sm3/arm64-v8a/CMakeFiles/CMakeTmp

Run Build Command(s):/Users/jayeshshete/Library/Android/sdk/cmake/3.22.1/bin/ninja cmTC_70570 && [1/2] Building CXX object CMakeFiles/cmTC_70570.dir/src.cxx.o
FAILED: CMakeFiles/cmTC_70570.dir/src.cxx.o 
/Users/jayeshshete/Library/Android/sdk/ndk/27.0.12077973/toolchains/llvm/prebuilt/darwin-x86_64/bin/clang++ --target=aarch64-none-linux-android27 --sysroot=/Users/jayeshshete/Library/Android/sdk/ndk/27.0.12077973/toolchains/llvm/prebuilt/darwin-x86_64/sysroot -DGGML_COMPILER_SUPPORTS_FP16_FORMAT_I3E  -g -DANDROID -fdata-sections -ffunction-sections -funwind-tables -fstack-protector-strong -no-canonical-prefixes -D_FORTIFY_SOURCE=2 -Wformat -Werror=format-security  -std=c++17  -fPIE   -mfp16-format=ieee -std=c++17 -MD -MT CMakeFiles/cmTC_70570.dir/src.cxx.o -MF CMakeFiles/cmTC_70570.dir/src.cxx.o.d -o CMakeFiles/cmTC_70570.dir/src.cxx.o -c /Users/jayeshshete/Documents/build/mobile/app/.cxx/Release/1g2b6sm3/arm64-v8a/CMakeFiles/CMakeTmp/src.cxx
clang++: error: unknown argument: '-mfp16-format=ieee'
ninja: build stopped: subcommand failed.


Source file was:
int main() { return 0; }
Performing C++ SOURCE FILE Test HAVE_DOTPROD failed with the following output:
Change Dir: /Users/jayeshshete/Documents/build/mobile/app/.cxx/Release/1g2b6sm3/arm64-v8a/CMakeFiles/CMakeTmp

Run Build Command(s):/Users/jayeshshete/Library/Android/sdk/cmake/3.22.1/bin/ninja cmTC_85c45 && [1/2] Building CXX object CMakeFiles/cmTC_85c45.dir/src.cxx.o
FAILED: CMakeFiles/cmTC_85c45.dir/src.cxx.o 
/Users/jayeshshete/Library/Android/sdk/ndk/27.0.12077973/toolchains/llvm/prebuilt/darwin-x86_64/bin/clang++ --target=aarch64-none-linux-android27 --sysroot=/Users/jayeshshete/Library/Android/sdk/ndk/27.0.12077973/toolchains/llvm/prebuilt/darwin-x86_64/sysroot -DHAVE_DOTPROD  -g -DANDROID -fdata-sections -ffunction-sections -funwind-tables -fstack-protector-strong -no-canonical-prefixes -D_FORTIFY_SOURCE=2 -Wformat -Werror=format-security  -std=c++17  -fPIE -std=c++17 -MD -MT CMakeFiles/cmTC_85c45.dir/src.cxx.o -MF CMakeFiles/cmTC_85c45.dir/src.cxx.o.d -o CMakeFiles/cmTC_85c45.dir/src.cxx.o -c /Users/jayeshshete/Documents/build/mobile/app/.cxx/Release/1g2b6sm3/arm64-v8a/CMakeFiles/CMakeTmp/src.cxx
/Users/jayeshshete/Documents/build/mobile/app/.cxx/Release/1g2b6sm3/arm64-v8a/CMakeFiles/CMakeTmp/src.cxx:3:24: error: "Feature DOTPROD is not defined"
    3 |                     #  error "Feature DOTPROD is not defined"
      |                        ^
1 error generated.
ninja: build stopped: subcommand failed.


Source file was:

                    #if !defined(__ARM_FEATURE_DOTPROD)
                    #  error "Feature DOTPROD is not defined"
                    #endif
                    int main() { return 0; }
                    
Performing C++ SOURCE FILE Test HAVE_SVE failed with the following output:
Change Dir: /Users/jayeshshete/Documents/build/mobile/app/.cxx/Release/1g2b6sm3/arm64-v8a/CMakeFiles/CMakeTmp

Run Build Command(s):/Users/jayeshshete/Library/Android/sdk/cmake/3.22.1/bin/ninja cmTC_1990d && [1/2] Building CXX object CMakeFiles/cmTC_1990d.dir/src.cxx.o
FAILED: CMakeFiles/cmTC_1990d.dir/src.cxx.o 
/Users/jayeshshete/Library/Android/sdk/ndk/27.0.12077973/toolchains/llvm/prebuilt/darwin-x86_64/bin/clang++ --target=aarch64-none-linux-android27 --sysroot=/Users/jayeshshete/Library/Android/sdk/ndk/27.0.12077973/toolchains/llvm/prebuilt/darwin-x86_64/sysroot -DHAVE_SVE  -g -DANDROID -fdata-sections -ffunction-sections -funwind-tables -fstack-protector-strong -no-canonical-prefixes -D_FORTIFY_SOURCE=2 -Wformat -Werror=format-security  -std=c++17  -fPIE -std=c++17 -MD -MT CMakeFiles/cmTC_1990d.dir/src.cxx.o -MF CMakeFiles/cmTC_1990d.dir/src.cxx.o.d -o CMakeFiles/cmTC_1990d.dir/src.cxx.o -c /Users/jayeshshete/Documents/build/mobile/app/.cxx/Release/1g2b6sm3/arm64-v8a/CMakeFiles/CMakeTmp/src.cxx
/Users/jayeshshete/Documents/build/mobile/app/.cxx/Release/1g2b6sm3/arm64-v8a/CMakeFiles/CMakeTmp/src.cxx:3:24: error: "Feature SVE is not defined"
    3 |                     #  error "Feature SVE is not defined"
      |                        ^
1 error generated.
ninja: build stopped: subcommand failed.


Source file was:

                    #if !defined(__ARM_FEATURE_SVE)
                    #  error "Feature SVE is not defined"
                    #endif
                    int main() { return 0; }
                    
Performing C++ SOURCE FILE Test HAVE_MATMUL_INT8 failed with the following output:
Change Dir: /Users/jayeshshete/Documents/build/mobile/app/.cxx/Release/1g2b6sm3/arm64-v8a/CMakeFiles/CMakeTmp

Run Build Command(s):/Users/jayeshshete/Library/Android/sdk/cmake/3.22.1/bin/ninja cmTC_8bc25 && [1/2] Building CXX object CMakeFiles/cmTC_8bc25.dir/src.cxx.o
FAILED: CMakeFiles/cmTC_8bc25.dir/src.cxx.o 
/Users/jayeshshete/Library/Android/sdk/ndk/27.0.12077973/toolchains/llvm/prebuilt/darwin-x86_64/bin/clang++ --target=aarch64-none-linux-android27 --sysroot=/Users/jayeshshete/Library/Android/sdk/ndk/27.0.12077973/toolchains/llvm/prebuilt/darwin-x86_64/sysroot -DHAVE_MATMUL_INT8  -g -DANDROID -fdata-sections -ffunction-sections -funwind-tables -fstack-protector-strong -no-canonical-prefixes -D_FORTIFY_SOURCE=2 -Wformat -Werror=format-security  -std=c++17  -fPIE -std=c++17 -MD -MT CMakeFiles/cmTC_8bc25.dir/src.cxx.o -MF CMakeFiles/cmTC_8bc25.dir/src.cxx.o.d -o CMakeFiles/cmTC_8bc25.dir/src.cxx.o -c /Users/jayeshshete/Documents/build/mobile/app/.cxx/Release/1g2b6sm3/arm64-v8a/CMakeFiles/CMakeTmp/src.cxx
/Users/jayeshshete/Documents/build/mobile/app/.cxx/Release/1g2b6sm3/arm64-v8a/CMakeFiles/CMakeTmp/src.cxx:3:24: error: "Feature MATMUL_INT8 is not defined"
    3 |                     #  error "Feature MATMUL_INT8 is not defined"
      |                        ^
1 error generated.
ninja: build stopped: subcommand failed.


Source file was:

                    #if !defined(__ARM_FEATURE_MATMUL_INT8)
                    #  error "Feature MATMUL_INT8 is not defined"
                    #endif
                    int main() { return 0; }
                    
Performing C++ SOURCE FILE Test HAVE_FP16_VECTOR_ARITHMETIC failed with the following output:
Change Dir: /Users/jayeshshete/Documents/build/mobile/app/.cxx/Release/1g2b6sm3/arm64-v8a/CMakeFiles/CMakeTmp

Run Build Command(s):/Users/jayeshshete/Library/Android/sdk/cmake/3.22.1/bin/ninja cmTC_908b3 && [1/2] Building CXX object CMakeFiles/cmTC_908b3.dir/src.cxx.o
FAILED: CMakeFiles/cmTC_908b3.dir/src.cxx.o 
/Users/jayeshshete/Library/Android/sdk/ndk/27.0.12077973/toolchains/llvm/prebuilt/darwin-x86_64/bin/clang++ --target=aarch64-none-linux-android27 --sysroot=/Users/jayeshshete/Library/Android/sdk/ndk/27.0.12077973/toolchains/llvm/prebuilt/darwin-x86_64/sysroot -DHAVE_FP16_VECTOR_ARITHMETIC  -g -DANDROID -fdata-sections -ffunction-sections -funwind-tables -fstack-protector-strong -no-canonical-prefixes -D_FORTIFY_SOURCE=2 -Wformat -Werror=format-security  -std=c++17  -fPIE -std=c++17 -MD -MT CMakeFiles/cmTC_908b3.dir/src.cxx.o -MF CMakeFiles/cmTC_908b3.dir/src.cxx.o.d -o CMakeFiles/cmTC_908b3.dir/src.cxx.o -c /Users/jayeshshete/Documents/build/mobile/app/.cxx/Release/1g2b6sm3/arm64-v8a/CMakeFiles/CMakeTmp/src.cxx
/Users/jayeshshete/Documents/build/mobile/app/.cxx/Release/1g2b6sm3/arm64-v8a/CMakeFiles/CMakeTmp/src.cxx:3:24: error: "Feature FP16_VECTOR_ARITHMETIC is not defined"
    3 |                     #  error "Feature FP16_VECTOR_ARITHMETIC is not defined"
      |                        ^
1 error generated.
ninja: build stopped: subcommand failed.


Source file was:

                    #if !defined(__ARM_FEATURE_FP16_VECTOR_ARITHMETIC)
                    #  error "Feature FP16_VECTOR_ARITHMETIC is not defined"
                    #endif
                    int main() { return 0; }
                    
Performing C++ SOURCE FILE Test HAVE_SME failed with the following output:
Change Dir: /Users/jayeshshete/Documents/build/mobile/app/.cxx/Release/1g2b6sm3/arm64-v8a/CMakeFiles/CMakeTmp

Run Build Command(s):/Users/jayeshshete/Library/Android/sdk/cmake/3.22.1/bin/ninja cmTC_fa490 && [1/2] Building CXX object CMakeFiles/cmTC_fa490.dir/src.cxx.o
FAILED: CMakeFiles/cmTC_fa490.dir/src.cxx.o 
/Users/jayeshshete/Library/Android/sdk/ndk/27.0.12077973/toolchains/llvm/prebuilt/darwin-x86_64/bin/clang++ --target=aarch64-none-linux-android27 --sysroot=/Users/jayeshshete/Library/Android/sdk/ndk/27.0.12077973/toolchains/llvm/prebuilt/darwin-x86_64/sysroot -DHAVE_SME  -g -DANDROID -fdata-sections -ffunction-sections -funwind-tables -fstack-protector-strong -no-canonical-prefixes -D_FORTIFY_SOURCE=2 -Wformat -Werror=format-security  -std=c++17  -fPIE -std=c++17 -MD -MT CMakeFiles/cmTC_fa490.dir/src.cxx.o -MF CMakeFiles/cmTC_fa490.dir/src.cxx.o.d -o CMakeFiles/cmTC_fa490.dir/src.cxx.o -c /Users/jayeshshete/Documents/build/mobile/app/.cxx/Release/1g2b6sm3/arm64-v8a/CMakeFiles/CMakeTmp/src.cxx
/Users/jayeshshete/Documents/build/mobile/app/.cxx/Release/1g2b6sm3/arm64-v8a/CMakeFiles/CMakeTmp/src.cxx:3:24: error: "Feature SME is not defined"
    3 |                     #  error "Feature SME is not defined"
      |                        ^
1 error generated.
ninja: build stopped: subcommand failed.


Source file was:

                    #if !defined(__ARM_FEATURE_SME)
                    #  error "Feature SME is not defined"
                    #endif
                    int main() { return 0; }
                    
